<?xml version="1.0" encoding="UTF-8"?>
<!-- Generated by org.testng.reporters.JUnitXMLReporter -->
<testsuite hostname="DESKTOP-P8K6C7P" ignored="0" tests="3" failures="1" timestamp="2020-04-01T17:56:58 EEST" time="17.86" errors="0">
  <testcase name="verifyTitleOfPage" time="0.032" classname="SampleOfTests">
    <failure type="java.lang.AssertionError" message="Title contains invalid info expected [Всі ціни Києва та України: товари та послуги, магазини] but found [Р’СЃРµ С†РµРЅС‹ РљРёРµРІР° Рё РЈРєСЂР°РёРЅС‹: С‚РѕРІР°СЂС‹ Рё СѓСЃР»СѓРіРё, РјР°РіР°Р·РёРЅС‹]">
      <![CDATA[java.lang.AssertionError: Title contains invalid info expected [Всі ціни Києва та України: товари та послуги, магазини] but found [Р’СЃРµ С†РµРЅС‹ РљРёРµРІР° Рё РЈРєСЂР°РёРЅС‹: С‚РѕРІР°СЂС‹ Рё СѓСЃР»СѓРіРё, РјР°РіР°Р·РёРЅС‹]
at SampleOfTests.verifyTitleOfPage(SampleOfTests.java:25)
at java.util.ArrayList.forEach(ArrayList.java:1257)
... Removed 36 stack frames]]>
    </failure>
  </testcase> <!-- verifyTitleOfPage -->
  <testcase name="verifySearchOption" time="1.344" classname="SampleOfTests"/>
  <testcase name="loginWithValidCredentials" time="2.512" classname="SampleOfTests"/>
</testsuite>
