<?xml version="1.0" encoding="UTF-8"?>
<!-- Generated by org.testng.reporters.JUnitXMLReporter -->
<testsuite hostname="DESKTOP-P8K6C7P" ignored="0" tests="3" failures="1" timestamp="2020-03-30T13:49:04 EEST" time="21.523" errors="0">
  <testcase name="verifyTitleOfPage" time="0.01" classname="FirstTest">
    <failure type="java.lang.AssertionError" message="Title contains invalid info expected [Всі ціни Києва та України: товари та послуги, магазини] but found [Все цены Киева и Украины: товары и услуги, магазины]">
      <![CDATA[java.lang.AssertionError: Title contains invalid info expected [Всі ціни Києва та України: товари та послуги, магазини] but found [Все цены Киева и Украины: товары и услуги, магазины]
at FirstTest.verifyTitleOfPage(FirstTest.java:20)
at java.util.ArrayList.forEach(ArrayList.java:1257)
... Removed 36 stack frames]]>
    </failure>
  </testcase> <!-- verifyTitleOfPage -->
  <testcase name="loginWithValidCredentials" time="6.329" classname="FirstTest"/>
  <testcase name="verifySearchOption" time="1.319" classname="FirstTest"/>
</testsuite>
