-------------------------------------------------------------------------------
Test set: FirstTest
-------------------------------------------------------------------------------
Tests run: 3, Failures: 1, Errors: 0, Skipped: 0, Time elapsed: 22.221 s <<< FAILURE! - in FirstTest
FirstTest.verifyTitleOfPage  Time elapsed: 0.019 s  <<< FAILURE!
java.lang.AssertionError: Title contains invalid info expected [Всі ціни Києва та України: товари та послуги, магазини] but found [Все цены Киева и Украины: товары и услуги, магазины]
	at FirstTest.verifyTitleOfPage(FirstTest.java:20)

