<?xml version="1.0" encoding="UTF-8"?>
<testsuite xmlns:xsi="http://www.w3.org/2001/XMLSchema-instance" xsi:noNamespaceSchemaLocation="https://maven.apache.org/surefire/maven-surefire-plugin/xsd/surefire-test-report-3.0.xsd" version="3.0" name="FirstTest" time="22.221" tests="3" errors="0" skipped="0" failures="1">
  <properties>
[...]
</properties>
  <testcase name="verifyTitleOfPage" classname="FirstTest" time="0.019">
    <failure message="Title contains invalid info expected [Всі ціни Києва та України: товари та послуги, магазини] but found [Все цены Киева и Украины: товары и услуги, магазины]" type="java.lang.AssertionError"><![CDATA[java.lang.AssertionError: Title contains invalid info expected [Всі ціни Києва та України: товари та послуги, магазини] but found [Все цены Киева и Украины: товары и услуги, магазины]
	at FirstTest.verifyTitleOfPage(FirstTest.java:20)
]]></failure>
    <system-out><![CDATA[Instance of driver is : chrome
]]></system-out>
    <system-err><![CDATA[Starting ChromeDriver 79.0.3945.36 (3582db32b33893869b8c1339e8f4d9ed1816f143-refs/branch-heads/3945@{#614}) on port 31015
Only local connections are allowed.
Please protect ports used by ChromeDriver and related test frameworks to prevent access by malicious code.
[1585565325.757][WARNING]: This version of ChromeDriver has not been tested with Chrome version 80.
[1585565327.773][WARNING]: Timed out connecting to Chrome, retrying...
бер. 30, 2020 1:48:49 PM org.openqa.selenium.remote.ProtocolHandshake createSession
INFO: Detected dialect: W3C
[1585565331.841][WARNING]: Timed out connecting to Chrome, retrying...
]]></system-err>
  </testcase>
  <testcase name="loginWithValidCredentials" classname="FirstTest" time="6.327"/>
  <testcase name="verifySearchOption" classname="FirstTest" time="1.32"/>
</testsuite>